MountainCarContinuous-v0
worker_device: /device:CPU:0
Using exponential moving average REINFORCE baselines.
num_replay_per_batch: 3
num_on_policy_per_batch: 1
replay_alpha: 0.75
batch_size: 4
Including off policy loss.
Skipping regularizer.
Using exponential moving average REINFORCE baselines.
num_replay_per_batch: 3
num_on_policy_per_batch: 1
replay_alpha: 0.75
batch_size: 4
Including off policy loss.
Skipping regularizer.
summary_interval: 1
No checkpoint found. Initialized global params.
Wrote program: be.01b!a
Wrote program: >>1b1>-c-.!
Wrote program: !e1,0>![<2>-31>
Wrote program: cb-
Step 0.	 NPE: 0	 Result: None.	 Tot R: -143.71.	 Length: 8. 	Program: be.01b!a
Top code: r=0.00, 	cb-
Wrote program: d
Wrote program: b[>
Wrote program: 3d12>!+e+.dc,33.!0e.<c2aad3c[c1[b><0
Wrote program: 13c
Step 1.	 NPE: 4	 Result: None.	 Tot R: 0.00.	 Length: 1. 	Program: d
Top code: r=0.00, 	d
Wrote program: +d11!e-122<
Wrote program: >
Wrote program: b.e]<+>a][12+a!3-0e>ead
Wrote program: ]a!,c1]4.[>23dcabd1,+-!+-!
Step 2.	 NPE: 5	 Result: None.	 Tot R: -35.96.	 Length: 11. 	Program: +d11!e-122<
Top code: r=0.00, 	>
Wrote program: ,,d3b41.
Wrote program: ccd].[-
Wrote program: 3],,!.[a
Wrote program: .d[0]<44d.<3.c>>0<bd!,.!0>-].,1d!ae2.24.033,.d3-2ec.1,>a+22++
Step 3.	 NPE: 6	 Result: None.	 Tot R: -11.99.	 Length: 8. 	Program: ,,d3b41.
Wrote program: 3]e4b<>0b!!4<2![c3
Wrote program: ,[e..0c
Wrote program: <cc24-.!d,+b!
Wrote program: ,!4[4b->
Step 4.	 NPE: 7	 Result: syntax-error.	 Tot R: -200.00.	 Length: 18. 	Program: 3]e4b<>0b!!4<2![c3
Wrote program: 4+e
Wrote program: [b
Wrote program: 0-e][d+![-a,3[.c
Wrote program: ][
Step 5.	 NPE: 8	 Result: None.	 Tot R: 0.00.	 Length: 3. 	Program: 4+e
Top code: r=0.00, 	4+e
Wrote program: 1!c[c>+-3<]32202][!ae,a4]-00bc4,],.ce
Wrote program: <[<a-!1>,d+>..1,0-!.+3!2,a4d33d-]<.c!]
Wrote program: cd04,0[d-0.ca1.21--c>!3ed2
Wrote program: !>.]a-+0-01]1[]2.e<e-
Step 6.	 NPE: 9	 Result: syntax-error.	 Tot R: -200.00.	 Length: 37. 	Program: 1!c[c>+-3<]32202][!ae,a4]-00bc4,],.ce
Wrote program: ,b!>[4+..0[1a
Wrote program: >3+-10b!2][3<>
Wrote program: 3
Wrote program: b0e!b,1a2<!b
